<?xml version="1.0" encoding="UTF-8"?>
<!-- Generated by org.testng.reporters.JUnitXMLReporter -->
<testsuite ignored="0" hostname="Sara" failures="1" tests="3" name="Test" time="4.085" errors="0" timestamp="03 Mar 2019 17:59:18 GMT">
  <testcase classname="testScripts.TestScreenshot" name="testPass" time="2.011"/>
  <testcase classname="testScripts.TestScreenshot" name="testFail" time="0.587">
    <failure type="java.lang.AssertionError" message="null">
      <![CDATA[java.lang.AssertionError: null
at testScripts.TestScreenshot.testFail(TestScreenshot.java:37)
... Removed 27 stack frames]]>
    </failure>
  </testcase> <!-- testFail -->
  <testcase classname="testScripts.TestScreenshot" name="testSkip" time="0.0">
    <skipped/>
  </testcase> <!-- testSkip -->
</testsuite> <!-- Test -->
