<?xml version="1.0" encoding="UTF-8"?>
<!-- Generated by org.testng.reporters.JUnitXMLReporter -->
<testsuite hostname="sameeksha.india.quark.com" ignored="0" name="Test1" tests="3" failures="1" timestamp="08 Jan 2019 09:13:22 GMT" time="8.084" errors="0">
  <testcase name="testFail" time="0.3" classname="testScripts.TestNG">
    <failure type="java.lang.AssertionError" message="null">
      <![CDATA[java.lang.AssertionError: null
at testScripts.TestNG.testFail(TestNG.java:22)
... Removed 27 stack frames]]>
    </failure>
  </testcase> <!-- testFail -->
  <testcase name="testPass" time="7.028" classname="testScripts.TestNG"/>
  <testcase name="testSkip" time="0.0" classname="testScripts.TestNG">
    <skipped/>
  </testcase> <!-- testSkip -->
</testsuite> <!-- Test1 -->
